<?xml version="1.0" encoding="UTF-8"?>
<!-- Generated by org.testng.reporters.JUnitReportReporter -->
<testsuite hostname="Nilmie" failures="0" tests="1" name="MobileTest.Mobile" time="14.958" errors="0" timestamp="2020-12-30T18:55:36 IST" skipped="0">
  <testcase classname="MobileTest.Mobile" name="test1" time="14.958"/>
  <system-out/>
</testsuite> <!-- MobileTest.Mobile -->
